\BOOKMARK [1][-]{section.1}{\376\377\217\157\116\366\166\204\147\054\215\050}{}% 1
\BOOKMARK [2][-]{subsection.1.1}{\376\377\217\157\116\366\166\204\147\054\215\050}{section.1}% 2
\BOOKMARK [3][-]{subsubsection.1.1.1}{\376\377\133\232\116\111\217\157\116\366}{subsection.1.1}% 3
\BOOKMARK [3][-]{subsubsection.1.1.2}{\376\377\217\157\116\366\136\224\165\050\230\206\127\337}{subsection.1.1}% 4
\BOOKMARK [3][-]{subsubsection.1.1.3}{\376\377\220\127\165\131\217\157\116\366}{subsection.1.1}% 5
\BOOKMARK [2][-]{subsection.1.2}{\376\377\217\157\116\366\166\204\123\330\146\364\147\054\215\050}{section.1}% 6
\BOOKMARK [3][-]{subsubsection.1.2.1}{\376\377\000W\000e\000b\000A\000p\000p}{subsection.1.2}% 7
\BOOKMARK [3][-]{subsubsection.1.2.2}{\376\377\171\373\122\250\000A\000p\000p}{subsection.1.2}% 8
\BOOKMARK [3][-]{subsubsection.1.2.3}{\376\377\116\221\213\241\173\227}{subsection.1.2}% 9
\BOOKMARK [3][-]{subsubsection.1.2.4}{\376\377\116\247\124\301\176\277\217\157\116\366}{subsection.1.2}% 10
\BOOKMARK [1][-]{section.2}{\376\377\217\157\116\366\135\345\172\013}{}% 11
\BOOKMARK [2][-]{subsection.2.1}{\376\377\133\232\116\111\217\157\116\366\135\345\172\013\133\146\171\321}{section.2}% 12
\BOOKMARK [2][-]{subsection.2.2}{\376\377\217\157\116\366\217\307\172\013}{section.2}% 13
\BOOKMARK [3][-]{subsubsection.2.2.1}{\376\377\217\307\172\013\150\106\147\266}{subsection.2.2}% 14
\BOOKMARK [3][-]{subsubsection.2.2.2}{\376\377\146\156\220\002\140\047\155\073\122\250}{subsection.2.2}% 15
\BOOKMARK [3][-]{subsubsection.2.2.3}{\376\377\217\307\172\013\166\204\220\002\136\224\140\047\214\003\145\164}{subsection.2.2}% 16
\BOOKMARK [2][-]{subsection.2.3}{\376\377\217\157\116\366\135\345\172\013\133\236\215\365}{section.2}% 17
\BOOKMARK [3][-]{subsubsection.2.3.1}{\376\377\133\236\215\365\166\204\174\276\232\323}{subsection.2.3}% 18
\BOOKMARK [3][-]{subsubsection.2.3.2}{\376\377\220\032\165\050\123\237\122\031}{subsection.2.3}% 19
\BOOKMARK [2][-]{subsection.2.4}{\376\377\217\157\116\366\137\000\123\321\171\136\213\335}{section.2}% 20
\BOOKMARK [1][-]{section.3}{\376\377\217\157\116\366\217\307\172\013\176\323\147\204}{}% 21
\BOOKMARK [2][-]{subsection.3.1}{\376\377\220\032\217\307\217\307\172\013\152\041\127\213}{section.3}% 22
\BOOKMARK [2][-]{subsection.3.2}{\376\377\133\232\116\111\150\106\147\266\155\073\122\250}{section.3}% 23
\BOOKMARK [2][-]{subsection.3.3}{\376\377\146\016\170\156\116\373\122\241\226\306}{section.3}% 24
\BOOKMARK [2][-]{subsection.3.4}{\376\377\217\307\172\013\152\041\137\017}{section.3}% 25
\BOOKMARK [1][-]{section.4}{\376\377\217\307\172\013\152\041\127\213}{}% 26
\BOOKMARK [2][-]{subsection.4.1}{\376\377\140\357\165\050\217\307\172\013\152\041\127\213}{section.4}% 27
\BOOKMARK [3][-]{subsubsection.4.1.1}{\376\377\160\021\136\003\152\041\127\213}{subsection.4.1}% 28
\BOOKMARK [3][-]{subsubsection.4.1.2}{\376\377\130\236\221\317\217\307\172\013\152\041\127\213}{subsection.4.1}% 29
\BOOKMARK [3][-]{subsubsection.4.1.3}{\376\377\157\024\123\026\217\307\172\013\152\041\127\213}{subsection.4.1}% 30
\BOOKMARK [3][-]{subsubsection.4.1.4}{\376\377\136\166\123\321\152\041\127\213}{subsection.4.1}% 31
\BOOKMARK [3][-]{subsubsection.4.1.5}{\376\377\157\024\123\026\217\307\172\013\166\204\147\000\176\310\213\304\217\360}{subsection.4.1}% 32
\BOOKMARK [2][-]{subsection.4.2}{\376\377\116\023\165\050\217\307\172\013\152\041\127\213}{section.4}% 33
\BOOKMARK [3][-]{subsubsection.4.2.1}{\376\377\127\372\116\216\147\204\116\366\166\204\137\000\123\321}{subsection.4.2}% 34
\BOOKMARK [3][-]{subsubsection.4.2.2}{\376\377\137\142\137\017\123\026\145\271\154\325\152\041\127\213}{subsection.4.2}% 35
\BOOKMARK [2][-]{subsection.4.3}{\376\377\176\337\116\000\217\307\172\013}{section.4}% 36
\BOOKMARK [3][-]{subsubsection.4.3.1}{\376\377\176\337\116\000\217\307\172\013\166\204\173\200\123\362}{subsection.4.3}% 37
\BOOKMARK [3][-]{subsubsection.4.3.2}{\376\377\176\337\116\000\217\307\172\013\166\204\226\066\153\265}{subsection.4.3}% 38
\BOOKMARK [2][-]{subsection.4.4}{\376\377\116\247\124\301\124\214\217\307\172\013}{section.4}% 39
\BOOKMARK [1][-]{section.5}{\376\377\145\117\143\167\137\000\123\321}{}% 40
\BOOKMARK [2][-]{subsection.5.1}{\376\377\116\300\116\110\146\057\145\117\143\167}{section.5}% 41
\BOOKMARK [2][-]{subsection.5.2}{\376\377\145\117\143\167\123\312\123\330\146\364\142\020\147\054}{section.5}% 42
\BOOKMARK [2][-]{subsection.5.3}{\376\377\116\300\116\110\146\057\145\117\143\167\217\307\172\013}{section.5}% 43
\BOOKMARK [3][-]{subsubsection.5.3.1}{\376\377\145\117\143\167\123\237\122\031}{subsection.5.3}% 44
\BOOKMARK [2][-]{subsection.5.4}{\376\377\147\201\226\120\177\026\172\013}{section.5}% 45
\BOOKMARK [3][-]{subsubsection.5.4.1}{\376\377\147\201\226\120\177\026\172\013\217\307\172\013}{subsection.5.4}% 46
\BOOKMARK [3][-]{subsubsection.5.4.2}{\376\377\135\345\116\032\000/\210\114\116\032\147\201\226\120\177\026\172\013}{subsection.5.4}% 47
\BOOKMARK [2][-]{subsection.5.5}{\376\377\121\166\133\203\145\117\143\167\217\307\172\013\152\041\127\213}{section.5}% 48
\BOOKMARK [3][-]{subsubsection.5.5.1}{\376\377\000S\000c\000r\000u\000m}{subsection.5.5}% 49
\BOOKMARK [3][-]{subsubsection.5.5.2}{\376\377\122\250\140\001\174\373\176\337\137\000\123\321\145\271\154\325\000D\000S\000D\000M}{subsection.5.5}% 50
\BOOKMARK [3][-]{subsubsection.5.5.3}{\376\377\145\117\143\167\136\372\152\041}{subsection.5.5}% 51
\BOOKMARK [3][-]{subsubsection.5.5.4}{\376\377\145\117\143\167\176\337\116\000\217\307\172\013\000A\000U\000P}{subsection.5.5}% 52
\BOOKMARK [1][-]{section.6}{\376\377\217\157\116\366\135\345\172\013\166\204\116\272\124\130\145\271\227\142}{}% 53
\BOOKMARK [2][-]{subsection.6.1}{\376\377\217\157\116\366\135\345\172\013\136\010\166\204\162\171\215\050}{section.6}% 54
\BOOKMARK [2][-]{subsection.6.2}{\376\377\217\157\116\366\135\345\172\013\137\303\164\006\133\146}{section.6}% 55
\BOOKMARK [2][-]{subsection.6.3}{\376\377\217\157\116\366\126\342\226\037}{section.6}% 56
\BOOKMARK [2][-]{subsection.6.4}{\376\377\126\342\226\037\176\323\147\204}{section.6}% 57
\BOOKMARK [2][-]{subsection.6.5}{\376\377\145\117\143\167\126\342\226\037}{section.6}% 58
\BOOKMARK [3][-]{subsubsection.6.5.1}{\376\377\220\032\165\050\145\117\143\167\126\342\226\037}{subsection.6.5}% 59
\BOOKMARK [3][-]{subsubsection.6.5.2}{\376\377\000X\000P\000\040\126\342\226\037}{subsection.6.5}% 60
\BOOKMARK [3][-]{subsubsection.6.5.3}{\376\377\171\076\116\244\132\222\117\123\166\204\137\161\124\315}{subsection.6.5}% 61
\BOOKMARK [2][-]{subsection.6.6}{\376\377\217\157\116\366\135\345\172\013\116\055\116\221\166\204\136\224\165\050}{section.6}% 62
\BOOKMARK [2][-]{subsection.6.7}{\376\377\123\117\117\134\135\345\121\167}{section.6}% 63
\BOOKMARK [2][-]{subsection.6.8}{\376\377\121\150\164\003\123\026\126\342\226\037}{section.6}% 64
